<?xml version="1.0" encoding="UTF-8"?>
<testsuite xmlns:xsi="http://www.w3.org/2001/XMLSchema-instance" xsi:noNamespaceSchemaLocation="https://maven.apache.org/surefire/maven-surefire-plugin/xsd/surefire-test-report-3.0.xsd" version="3.0" name="registrar_entidades_y_pokemon.PokemonTest" time="0.087" tests="8" errors="0" skipped="0" failures="0">
  <properties>
[...]
</properties>
  <testcase name="testToStringConDosTipos" classname="registrar_entidades_y_pokemon.PokemonTest" time="0.032"/>
  <testcase name="testGetTipo1" classname="registrar_entidades_y_pokemon.PokemonTest" time="0.0"/>
  <testcase name="testGetNumeroPokedex" classname="registrar_entidades_y_pokemon.PokemonTest" time="0.006"/>
  <testcase name="testToStringTipo2Vacio" classname="registrar_entidades_y_pokemon.PokemonTest" time="0.002"/>
  <testcase name="testGetTipo2EsNull" classname="registrar_entidades_y_pokemon.PokemonTest" time="0.002"/>
  <testcase name="testToStringConUnTipo" classname="registrar_entidades_y_pokemon.PokemonTest" time="0.002"/>
  <testcase name="testSetNombre" classname="registrar_entidades_y_pokemon.PokemonTest" time="0.002"/>
  <testcase name="testGetNombre" classname="registrar_entidades_y_pokemon.PokemonTest" time="0.001"/>
</testsuite>